warning: Git tree '/home/arosenfeld/Code/gnome-reel' has uncommitted changes
src/services/core/playback.rs:2:5: warning: unused import: `std::time::Duration`
src/services/core/playback.rs:3:5: warning: unused import: `tracing::debug`
src/services/core/playback.rs:7:73: warning: unused import: `Repository`
src/backends/jellyfin/mod.rs:47:12: warning: multiple associated items are never used
src/backends/jellyfin/api.rs:14:7: warning: constant `JELLYFIN_CLIENT_NAME` is never used
src/backends/jellyfin/api.rs:15:7: warning: constant `JELLYFIN_VERSION` is never used
src/backends/jellyfin/api.rs:29:12: warning: multiple associated items are never used
src/backends/jellyfin/api.rs:1523:8: warning: struct `AuthRequest` is never constructed
src/backends/local/mod.rs:27:12: warning: associated function `from_auth` is never used
src/backends/plex/mod.rs:45:9: warning: fields `name`, `is_local`, and `is_relay` are never read
src/backends/plex/mod.rs:52:12: warning: multiple associated items are never used
src/backends/plex/api.rs:41:12: warning: multiple associated items are never used
src/backends/plex/auth.rs:8:7: warning: constant `PLEX_TV_URL` is never used
src/backends/plex/auth.rs:9:7: warning: constant `CLIENT_ID` is never used
src/backends/plex/auth.rs:10:7: warning: constant `PRODUCT_NAME` is never used
src/backends/plex/auth.rs:31:18: warning: associated functions `get_pin`, `poll_for_token`, `get_user`, and `discover_servers` are never used
src/backends/traits.rs:15:14: warning: multiple methods are never used
src/backends/traits.rs:169:12: warning: struct `SearchResults` is never constructed
src/backends/traits.rs:176:12: warning: struct `WatchStatus` is never constructed
src/backends/traits.rs:184:12: warning: struct `SyncResult` is never constructed
src/backends/traits.rs:193:10: warning: enum `BackendType` is never used
src/backends/traits.rs:212:10: warning: enum `ConnectionType` is never used
src/backends/traits.rs:221:12: warning: struct `BackendOfflineInfo` is never constructed
src/backends/traits.rs:228:12: warning: struct `BackendInfo` is never constructed
src/backends/traits.rs:240:12: warning: struct `OfflineStatus` is never constructed
src/config.rs:192:12: warning: multiple associated items are never used
src/constants.rs:7:11: warning: constant `SCROLL_DEBOUNCE_MS` is never used
src/constants.rs:9:11: warning: constant `IMAGE_VIEWPORT_BUFFER` is never used
src/constants.rs:11:11: warning: constant `CARD_BATCH_SIZE` is never used
src/constants.rs:14:11: warning: constant `PLAYER_CONTROLS_HIDE_DELAY_SECS` is never used
src/constants.rs:17:11: warning: constant `HOME_INITIAL_CARDS_PER_SECTION` is never used
src/constants.rs:18:11: warning: constant `HOME_INITIAL_IMAGES_PER_SECTION` is never used
src/core/frontend.rs:5:11: warning: trait `Frontend` is never used
src/db/connection.rs:14:12: warning: struct `Database` is never constructed
src/db/connection.rs:20:18: warning: multiple associated items are never used
src/db/entities/libraries.rs:55:12: warning: associated items `as_str` and `from_str` are never used
src/db/entities/libraries.rs:78:12: warning: method `get_library_type` is never used
src/db/entities/media_items.rs:99:10: warning: type alias `MediaItemActiveModel` is never used
src/db/entities/media_items.rs:113:12: warning: associated items `as_str` and `from_str` are never used
src/db/entities/media_items.rs:138:12: warning: methods `get_media_type`, `get_metadata`, `is_episode`, `is_show`, and `get_episode_info` are never used
src/db/entities/offline_content.rs:46:12: warning: associated items `as_str`, `from_str`, and `get_max_resolution` are never used
src/db/entities/offline_content.rs:79:12: warning: methods `get_quality_preset`, `get_size_mb`, `file_exists`, `touch`, and `days_since_accessed` are never used
src/db/entities/playback_progress.rs:39:12: warning: methods `get_progress_percentage`, `is_in_progress`, `is_near_completion`, `get_position_duration`, and `get_duration` are never used
src/db/entities/sources.rs:57:12: warning: methods `is_plex`, `is_jellyfin`, and `is_local` are never used
src/db/entities/sync_status.rs:47:12: warning: associated items `as_str` and `from_str` are never used
src/db/entities/sync_status.rs:80:12: warning: associated items `as_str` and `from_str` are never used
src/db/entities/sync_status.rs:101:12: warning: methods `get_sync_type`, `get_status`, `is_running`, `is_completed`, `is_failed`, and `get_duration` are never used
src/db/migrations/mod.rs:9:12: warning: struct `Migrator` is never constructed
src/db/migrations/m20250101_000001_create_initial_schema.rs:345:6: warning: enum `Sources` is never used
src/db/migrations/m20250101_000001_create_initial_schema.rs:359:6: warning: enum `Libraries` is never used
src/db/migrations/m20250101_000001_create_initial_schema.rs:372:6: warning: enum `MediaItems` is never used
src/db/migrations/m20250101_000001_create_initial_schema.rs:393:6: warning: enum `PlaybackProgress` is never used
src/db/migrations/m20250101_000001_create_initial_schema.rs:407:6: warning: enum `SyncStatus` is never used
src/db/migrations/m20250101_000001_create_initial_schema.rs:420:6: warning: enum `OfflineContent` is never used
src/db/migrations/m20250102_000001_add_episode_fields.rs:169:6: warning: enum `MediaItems` is never used
src/db/migrations/m20250103_000001_add_source_connections.rs:79:6: warning: enum `Sources` is never used
src/db/migrations/m20250104_000001_add_sync_total_items.rs:35:6: warning: enum `SyncStatus` is never used
src/db/migrations/m20250105_000001_add_connection_tracking.rs:88:6: warning: enum `Sources` is never used
src/db/repository/mod.rs:18:14: warning: methods `find_by_id`, `find_all`, `insert`, `update`, `delete`, and `count` are never used
src/db/repository/library_repository.rs:14:11: warning: trait `LibraryRepository` is never used
src/db/repository/library_repository.rs:32:12: warning: struct `LibraryRepositoryImpl` is never constructed
src/db/repository/library_repository.rs:37:12: warning: associated function `new` is never used
src/db/repository/media_repository.rs:14:11: warning: trait `MediaRepository` is never used
src/db/repository/media_repository.rs:106:12: warning: struct `MediaRepositoryImpl` is never constructed
src/db/repository/media_repository.rs:111:12: warning: associated items `new`, `insert_silent`, `update_silent`, and `find_episode_by_parent_season_episode` are never used
src/db/repository/media_repository.rs:616:18: warning: methods `count_by_library`, `find_by_library_paginated`, and `find_by_library_and_type_paginated` are never used
src/db/repository/playback_repository.rs:15:11: warning: trait `PlaybackRepository` is never used
src/db/repository/playback_repository.rs:59:12: warning: struct `PlaybackRepositoryImpl` is never constructed
src/db/repository/playback_repository.rs:64:12: warning: associated function `new` is never used
src/db/repository/source_repository.rs:14:11: warning: trait `SourceRepository` is never used
src/db/repository/source_repository.rs:60:12: warning: struct `SourceRepositoryImpl` is never constructed
src/db/repository/source_repository.rs:65:12: warning: associated function `new` is never used
src/db/repository/sync_repository.rs:16:14: warning: multiple methods are never used
src/db/repository/sync_repository.rs:47:12: warning: struct `SyncStats` is never constructed
src/events/mod.rs:9:11: warning: trait `EventHandler` is never used
src/events/event_bus.rs:9:12: warning: struct `EventSubscriber` is never constructed
src/events/event_bus.rs:16:12: warning: associated items `new`, `recv`, and `try_recv` are never used
src/events/event_bus.rs:59:12: warning: struct `EventFilter` is never constructed
src/events/event_bus.rs:72:12: warning: associated items `new`, `with_types`, `with_sources`, `with_min_priority`, and `matches` are never used
src/events/event_bus.rs:124:12: warning: struct `EventBus` is never constructed
src/events/event_bus.rs:132:12: warning: struct `EventBusStats` is never constructed
src/events/event_bus.rs:142:12: warning: multiple associated items are never used
src/events/types.rs:18:12: warning: associated items `new`, `with_source`, `with_priority`, and `with_metadata` are never used
src/events/types.rs:218:12: warning: method `as_str` is never used
src/mapper/media_item_mapper.rs:9:12: warning: struct `DurationTransformer` is never constructed
src/mapper/media_item_mapper.rs:13:12: warning: associated functions `from_millis` and `to_millis` are never used
src/mapper/media_item_mapper.rs:24:12: warning: struct `DateTimeTransformer` is never constructed
src/mapper/media_item_mapper.rs:28:12: warning: associated functions `from_rfc3339` and `from_naive` are never used
src/mapper/media_item_mapper.rs:39:12: warning: struct `JsonTransformer` is never constructed
src/mapper/media_item_mapper.rs:43:12: warning: associated functions `extract` and `extract_genres` are never used
src/mapper/media_item_mapper.rs:236:12: warning: method `to_model` is never used
src/mapper/traits.rs:6:11: warning: trait `Mapper` is never used
src/mapper/traits.rs:15:11: warning: trait `TryMapper` is never used
src/mapper/traits.rs:26:11: warning: trait `FieldTransform` is never used
src/mapper/traits.rs:66:8: warning: function `map_option` is never used
src/mapper/traits.rs:74:8: warning: function `map_vec` is never used
src/mapper/traits.rs:82:8: warning: function `try_map_option` is never used
src/mapper/traits.rs:93:8: warning: function `try_map_vec` is never used
src/models/mod.rs:228:9: warning: fields `id`, `title`, `section_type`, and `items` are never read
src/models/mod.rs:247:12: warning: associated function `from_media_item` is never used
src/models/mod.rs:269:12: warning: multiple methods are never used
src/models/mod.rs:373:5: warning: variants `UsernamePassword`, `Token`, and `ApiKey` are never constructed
src/models/auth_provider.rs:41:12: warning: methods `id`, `display_name`, `provider_type`, and `needs_refresh` are never used
src/models/auth_provider.rs:158:12: warning: associated items `new`, `is_online`, and `source_icon` are never used
src/models/connection.rs:20:12: warning: methods `priority_score` and `is_local_network` are never used
src/models/connection.rs:65:12: warning: associated items `new`, `best_connection`, `local_connections`, `remote_connections`, and `relay_connections` are never used
src/models/identifiers.rs:12:20: warning: associated items `new` and `as_str` are never used
src/models/identifiers.rs:16:20: warning: method `as_str` is never used
src/models/playlist_context.rs:50:12: warning: methods `get_next_item`, `get_previous_item`, `update_current_index`, `has_next`, `has_previous`, and `get_next_episode_info` are never used
src/models/mod.rs:398:12: warning: function `create_friendly_name` is never used
src/platforms/relm4/mod.rs:9:12: warning: struct `Relm4Platform` is never constructed
src/platforms/relm4/mod.rs:12:12: warning: associated function `new` is never used
src/platforms/relm4/app.rs:7:12: warning: struct `ReelApp` is never constructed
src/platforms/relm4/app.rs:12:12: warning: associated items `new` and `run` are never used
src/platforms/relm4/components/dialogs/auth_dialog.rs:17:5: warning: variants `Plex` and `Jellyfin` are never constructed
src/platforms/relm4/components/dialogs/auth_dialog.rs:23:5: warning: multiple variants are never constructed
src/platforms/relm4/components/dialogs/auth_dialog.rs:58:5: warning: variants `SourceAdded` and `Cancelled` are never constructed
src/platforms/relm4/components/dialogs/auth_dialog.rs:63:12: warning: struct `AuthDialog` is never constructed
src/platforms/relm4/components/dialogs/preferences_dialog.rs:9:12: warning: struct `PreferencesDialog` is never constructed
src/platforms/relm4/components/dialogs/preferences_dialog.rs:23:5: warning: variants `SetDefaultPlayer` and `Close` are never constructed
src/platforms/relm4/components/dialogs/preferences_dialog.rs:29:5: warning: variant `Closed` is never constructed
src/platforms/relm4/components/factories/media_card.rs:34:5: warning: variants `SetHover`, `SetSelected`, `UpdateProgress`, `ImageLoaded`, `ImageLoadFailed`, and `Play` are never constructed
src/platforms/relm4/components/factories/media_card.rs:44:13: warning: field `0` is never read
src/platforms/relm4/components/factories/media_card.rs:45:10: warning: field `0` is never read
src/platforms/relm4/components/factories/section_row.rs:11:12: warning: struct `SectionRow` is never constructed
src/platforms/relm4/components/factories/section_row.rs:20:5: warning: variants `SetTitle`, `SetItems`, `AppendItems`, `SetLoading`, and `ClearItems` are never constructed
src/platforms/relm4/components/factories/section_row.rs:29:5: warning: variants `MediaSelected`, `MediaPlayRequested`, and `LoadMore` are never constructed
src/platforms/relm4/components/factories/source_item.rs:9:12: warning: struct `SourceItem` is never constructed
src/platforms/relm4/components/factories/source_item.rs:21:5: warning: variants `Connected`, `Connecting`, `Disconnected`, and `Error` are never constructed
src/platforms/relm4/components/factories/source_item.rs:29:5: warning: multiple variants are never constructed
src/platforms/relm4/components/factories/source_item.rs:40:5: warning: variants `SourceSelected`, `LibrarySelected`, `RefreshRequested`, and `ToggleExpanded` are never constructed
src/platforms/relm4/components/factories/source_item.rs:223:8: warning: methods `rebuild_libraries_list` and `update_library_selection` are never used
src/platforms/relm4/components/main_window.rs:18:12: warning: struct `MainWindow` is never constructed
src/platforms/relm4/components/main_window.rs:56:5: warning: multiple variants are never constructed
src/platforms/relm4/components/main_window.rs:80:5: warning: variant `Quit` is never constructed
src/platforms/relm4/components/pages/home.rs:19:10: warning: enum `SectionLoadState` is never used
src/platforms/relm4/components/pages/home.rs:25:12: warning: struct `HomePage` is never constructed
src/platforms/relm4/components/pages/home.rs:50:5: warning: multiple variants are never constructed
src/platforms/relm4/components/pages/home.rs:74:5: warning: variant `NavigateToMediaItem` is never constructed
src/platforms/relm4/components/pages/home.rs:429:8: warning: methods `display_source_loading`, `display_source_error`, `display_source_sections`, `update_overall_loading_state`, `clear_sections`, and `clear_source_sections` are never used
src/platforms/relm4/components/pages/library.rs:34:12: warning: struct `LibraryPage` is never constructed
src/platforms/relm4/components/pages/library.rs:70:5: warning: variants `Title`, `Year`, `DateAdded`, and `Rating` are never constructed
src/platforms/relm4/components/pages/library.rs:77:10: warning: enum `SortOrder` is never used
src/platforms/relm4/components/pages/library.rs:85:5: warning: multiple variants are never constructed
src/platforms/relm4/components/pages/library.rs:128:5: warning: variant `NavigateToMediaItem` is never constructed
src/platforms/relm4/components/pages/library.rs:774:8: warning: multiple methods are never used
src/platforms/relm4/components/pages/movie_details.rs:13:12: warning: struct `MovieDetailsPage` is never constructed
src/platforms/relm4/components/pages/movie_details.rs:26:5: warning: variants `LoadMovie`, `PlayMovie`, and `ToggleWatched` are never constructed
src/platforms/relm4/components/pages/movie_details.rs:33:5: warning: variants `PlayMedia` and `NavigateBack` are never constructed
src/platforms/relm4/components/pages/movie_details.rs:39:5: warning: variants `LoadDetails`, `LoadPosterImage`, `LoadBackdropImage`, `PosterImageLoaded`, and `BackdropImageLoaded` are never constructed
src/platforms/relm4/components/pages/movie_details.rs:524:10: warning: function `load_image_from_url` is never used
src/platforms/relm4/components/pages/movie_details.rs:549:4: warning: function `create_person_card` is never used
src/platforms/relm4/components/pages/player.rs:13:4: warning: function `format_duration` is never used
src/platforms/relm4/components/pages/player.rs:26:12: warning: struct `PlayerPage` is never constructed
src/platforms/relm4/components/pages/player.rs:77:8: warning: methods `populate_audio_menu`, `populate_subtitle_menu`, and `update_playlist_position_label` are never used
src/platforms/relm4/components/pages/player.rs:220:5: warning: multiple variants are never constructed
src/platforms/relm4/components/pages/player.rs:274:5: warning: variants `NavigateBack`, `MediaLoaded`, `Error`, and `WindowStateChanged` are never constructed
src/platforms/relm4/components/pages/player.rs:281:5: warning: variants `StateChanged`, `PositionUpdate`, and `LoadError` are never constructed
src/platforms/relm4/components/pages/preferences.rs:9:12: warning: struct `PreferencesPage` is never constructed
src/platforms/relm4/components/pages/preferences.rs:23:5: warning: multiple variants are never constructed
src/platforms/relm4/components/pages/preferences.rs:34:5: warning: variants `PreferencesSaved` and `Error` are never constructed
src/platforms/relm4/components/pages/show_details.rs:18:12: warning: struct `ShowDetailsPage` is never constructed
src/platforms/relm4/components/pages/show_details.rs:48:5: warning: multiple variants are never constructed
src/platforms/relm4/components/pages/show_details.rs:64:5: warning: variants `PlayMedia`, `PlayMediaWithContext`, and `NavigateBack` are never constructed
src/platforms/relm4/components/pages/show_details.rs:74:5: warning: multiple variants are never constructed
src/platforms/relm4/components/pages/show_details.rs:681:10: warning: function `load_image_from_url` is never used
src/platforms/relm4/components/pages/show_details.rs:707:8: warning: method `update_episode_grid` is never used
src/platforms/relm4/components/pages/show_details.rs:747:10: warning: function `find_season_with_next_unwatched` is never used
src/platforms/relm4/components/pages/show_details.rs:793:4: warning: function `create_episode_card` is never used
src/platforms/relm4/components/pages/sources.rs:21:12: warning: struct `SourcesPage` is never constructed
src/platforms/relm4/components/pages/sources.rs:31:5: warning: multiple variants are never constructed
src/platforms/relm4/components/pages/sources.rs:53:5: warning: variant `OpenAuthDialog` is never constructed
src/platforms/relm4/components/pages/sources.rs:57:12: warning: struct `SourceListItem` is never constructed
src/platforms/relm4/components/pages/sources.rs:67:5: warning: variants `Sync` and `Remove` are never constructed
src/platforms/relm4/components/pages/sources.rs:276:5: warning: variants `Sync` and `Remove` are never constructed
src/platforms/relm4/components/shared/broker.rs:45:5: warning: variants `Navigation`, `Data`, `Playback`, and `Source` are never constructed
src/platforms/relm4/components/shared/broker.rs:53:5: warning: multiple variants are never constructed
src/platforms/relm4/components/shared/broker.rs:73:5: warning: variants `Loading`, `LoadComplete`, `LoadError`, `MediaUpdated`, `LibraryUpdated`, and `SyncProgress` are never constructed
src/platforms/relm4/components/shared/broker.rs:98:5: warning: variants `Play`, `Pause`, `Stop`, `Seek`, and `ProgressUpdate` are never constructed
src/platforms/relm4/components/shared/broker.rs:107:5: warning: multiple variants are never constructed
src/platforms/relm4/components/shared/broker.rs:143:12: warning: struct `MessageBroker` is never constructed
src/platforms/relm4/components/shared/broker.rs:148:12: warning: multiple associated items are never used
src/platforms/relm4/components/shared/broker.rs:346:12: warning: static `BROKER` is never used
src/platforms/relm4/components/shared/commands.rs:10:10: warning: enum `AppCommand` is never used
src/platforms/relm4/components/shared/commands.rs:23:10: warning: enum `CommandResult` is never used
src/platforms/relm4/components/shared/commands.rs:55:14: warning: function `execute_command` is never used
src/platforms/relm4/components/shared/commands.rs:154:10: warning: function `load_initial_data` is never used
src/platforms/relm4/components/shared/commands.rs:195:10: warning: function `load_all_sources` is never used
src/platforms/relm4/components/shared/commands.rs:200:10: warning: function `load_home_data` is never used
src/platforms/relm4/components/shared/commands.rs:210:10: warning: function `start_playback` is never used
src/platforms/relm4/components/shared/commands.rs:221:10: warning: function `update_progress` is never used
src/platforms/relm4/components/shared/messages.rs:2:10: warning: enum `AppInput` is never used
src/platforms/relm4/components/shared/messages.rs:11:10: warning: enum `NavigationTarget` is never used
src/platforms/relm4/components/shared/messages.rs:31:10: warning: enum `AppOutput` is never used
src/platforms/relm4/components/shared/messages.rs:36:10: warning: enum `CommonInput` is never used
src/platforms/relm4/components/shared/messages.rs:44:10: warning: enum `CommonOutput` is never used
src/platforms/relm4/components/sidebar.rs:19:5: warning: multiple variants are never constructed
src/platforms/relm4/components/sidebar.rs:39:5: warning: variants `NavigateToHome`, `NavigateToLibrary`, and `NavigateToSources` are never constructed
src/platforms/relm4/components/sidebar.rs:48:12: warning: struct `SourceGroup` is never constructed
src/platforms/relm4/components/sidebar.rs:58:8: warning: method `update_library_list` is never used
src/platforms/relm4/components/sidebar.rs:136:5: warning: multiple variants are never constructed
src/platforms/relm4/components/sidebar.rs:154:5: warning: variant `NavigateToLibrary` is never constructed
src/platforms/relm4/components/sidebar.rs:378:12: warning: struct `Sidebar` is never constructed
src/platforms/relm4/components/sidebar.rs:390:8: warning: method `update_status_text` is never used
src/platforms/relm4/components/workers/connection_monitor.rs:10:12: warning: struct `ConnectionMonitor` is never constructed
src/platforms/relm4/components/workers/connection_monitor.rs:17:5: warning: variants `CheckSource`, `CheckAllSources`, `UpdateCheckTimes`, and `Stop` are never constructed
src/platforms/relm4/components/workers/connection_monitor.rs:25:5: warning: variants `ConnectionChanged`, `ConnectionLost`, and `ConnectionRestored` are never constructed
src/platforms/relm4/components/workers/connection_monitor.rs:211:8: warning: associated items `calculate_next_check`, `should_check_source`, and `start_monitoring` are never used
src/platforms/relm4/components/workers/image_loader.rs:11:5: warning: variants `Thumbnail`, `Card`, `Full`, and `Custom` are never constructed
src/platforms/relm4/components/workers/image_loader.rs:18:12: warning: method `dimensions` is never used
src/platforms/relm4/components/workers/image_loader.rs:31:9: warning: fields `url` and `size` are never read
src/platforms/relm4/components/workers/image_loader.rs:60:5: warning: variants `LoadImage`, `CancelLoad`, `ClearCache`, `SetCacheSize`, `LoadCompleted`, and `StoreInCache` are never constructed
src/platforms/relm4/components/workers/image_loader.rs:77:5: warning: variants `ImageLoaded`, `LoadFailed`, and `CacheCleared` are never constructed
src/platforms/relm4/components/workers/image_loader.rs:89:12: warning: struct `ImageLoader` is never constructed
src/platforms/relm4/components/workers/image_loader.rs:99:8: warning: associated items `new`, `get_cache_path`, `get_cache_key`, and `load_image_async` are never used
src/platforms/relm4/components/workers/image_loader.rs:175:4: warning: function `load_texture_from_file` is never used
src/platforms/relm4/components/workers/image_loader.rs:179:4: warning: function `create_texture_from_bytes` is never used
src/platforms/relm4/components/workers/image_loader.rs:184:4: warning: function `resize_image` is never used
src/platforms/relm4/components/workers/image_loader.rs:325:8: warning: methods `process_priority_queue`, `start_image_load`, and `rebuild_priority_queue` are never used
src/platforms/relm4/components/workers/image_loader.rs:407:8: warning: function `get_image_loader` is never used
src/platforms/relm4/components/workers/search_worker.rs:17:9: warning: fields `id`, `title`, `overview`, `year`, and `genres` are never read
src/platforms/relm4/components/workers/search_worker.rs:61:5: warning: variants `IndexDocuments`, `UpdateDocument`, `RemoveDocument`, `Search`, `ClearIndex`, and `OptimizeIndex` are never constructed
src/platforms/relm4/components/workers/search_worker.rs:71:5: warning: multiple variants are never constructed
src/platforms/relm4/components/workers/search_worker.rs:90:12: warning: struct `SearchWorker` is never constructed
src/platforms/relm4/components/workers/search_worker.rs:102:8: warning: multiple associated items are never used
src/platforms/relm4/components/workers/search_worker.rs:452:8: warning: function `get_search_worker` is never used
src/platforms/relm4/components/workers/sync_worker.rs:13:9: warning: fields `source_id`, `library_id`, `current`, `total`, and `message` are never read
src/platforms/relm4/components/workers/sync_worker.rs:22:5: warning: variants `StartSync`, `StopSync`, `StopAllSyncs`, `SetSyncInterval`, and `EnableAutoSync` are never constructed
src/platforms/relm4/components/workers/sync_worker.rs:37:5: warning: variants `SyncStarted`, `SyncProgress`, `SyncCompleted`, `SyncFailed`, and `SyncCancelled` are never constructed
src/platforms/relm4/components/workers/sync_worker.rs:58:12: warning: struct `SyncWorker` is never constructed
src/platforms/relm4/components/workers/sync_worker.rs:67:8: warning: associated items `new`, `perform_sync`, `start_sync`, `stop_sync`, and `stop_all_syncs` are never used
src/platforms/relm4/components/workers/sync_worker.rs:217:8: warning: function `create_sync_worker` is never used
src/player/controller.rs:14:10: warning: enum `PlayerCommand` is never used
src/player/controller.rs:123:12: warning: struct `PlayerController` is never constructed
src/player/controller.rs:130:12: warning: associated items `new` and `run` are never used
src/player/controller.rs:302:12: warning: struct `PlayerHandle` is never constructed
src/player/controller.rs:314:18: warning: multiple methods are never used
src/player/factory.rs:12:10: warning: enum `PlayerBackend` is never used
src/player/factory.rs:28:5: warning: variants `Idle`, `Loading`, `Playing`, `Paused`, `Stopped`, and `Error` are never constructed
src/player/factory.rs:36:10: warning: enum `Player` is never used
src/player/factory.rs:42:12: warning: multiple associated items are never used
src/player/gstreamer_player.rs:13:10: warning: enum `PlayerState` is never used
src/player/gstreamer_player.rs:22:12: warning: struct `GStreamerPlayer` is never constructed
src/player/gstreamer_player.rs:30:12: warning: multiple associated items are never used
src/player/mpv_player.rs:21:8: warning: struct `MpvRenderContextPtr` is never constructed
src/player/mpv_player.rs:26:8: warning: struct `OpenGLFunctions` is never constructed
src/player/mpv_player.rs:34:10: warning: enum `PlayerState` is never used
src/player/mpv_player.rs:43:10: warning: enum `UpscalingMode` is never used
src/player/mpv_player.rs:51:12: warning: method `to_string` is never used
src/player/mpv_player.rs:61:8: warning: struct `MpvPlayerInner` is never constructed
src/player/mpv_player.rs:83:12: warning: struct `MpvPlayer` is never constructed
src/player/mpv_player.rs:90:12: warning: multiple associated items are never used
src/player/mpv_player.rs:1216:8: warning: method `init_mpv` is never used
src/services/cache_keys.rs:7:10: warning: enum `CacheKey` is never used
src/services/cache_keys.rs:43:12: warning: associated items `to_string`, `parse`, `source_id`, and `library_id` are never used
src/services/initialization.rs:9:12: warning: struct `AppInitializationState` is never constructed
src/services/initialization.rs:24:12: warning: associated function `new` is never used
src/services/initialization.rs:37:12: warning: struct `SourceInfo` is never constructed
src/services/initialization.rs:49:10: warning: enum `SourceReadiness` is never used
src/services/initialization.rs:69:12: warning: methods `is_playable` and `is_fully_connected` are never used
src/services/initialization.rs:82:10: warning: enum `ConnectionStatus` is never used
src/services/initialization.rs:90:10: warning: enum `ApiClientStatus` is never used
src/services/initialization.rs:96:12: warning: struct `SyncProgress` is never constructed
src/services/brokers/connection_broker.rs:7:10: warning: enum `ConnectionMessage` is never used
src/services/brokers/connection_broker.rs:35:8: warning: function `log_connection_status_changed` is never used
src/services/brokers/connection_broker.rs:42:8: warning: function `log_connection_test_result` is never used
src/services/brokers/connection_broker.rs:56:8: warning: function `log_auth_result` is never used
src/services/brokers/connection_broker.rs:64:8: warning: function `log_source_added` is never used
src/services/brokers/connection_broker.rs:68:8: warning: function `log_source_removed` is never used
src/services/brokers/media_broker.rs:7:10: warning: enum `MediaMessage` is never used
src/services/brokers/media_broker.rs:46:8: warning: function `log_library_updated` is never used
src/services/brokers/media_broker.rs:53:8: warning: function `log_item_updated` is never used
src/services/brokers/media_broker.rs:62:8: warning: function `log_items_bulk_updated` is never used
src/services/brokers/media_broker.rs:69:8: warning: function `log_item_removed` is never used
src/services/brokers/media_broker.rs:76:8: warning: function `log_library_cleared` is never used
src/services/brokers/media_broker.rs:83:8: warning: function `log_source_cleared` is never used
src/services/brokers/sync_broker.rs:8:10: warning: enum `SyncMessage` is never used
src/services/brokers/sync_broker.rs:37:8: warning: function `log_sync_started` is never used
src/services/brokers/sync_broker.rs:41:8: warning: function `log_sync_progress` is never used
src/services/brokers/sync_broker.rs:48:8: warning: function `log_sync_completed` is never used
src/services/brokers/sync_broker.rs:55:8: warning: function `log_sync_failed` is never used
src/services/brokers/sync_broker.rs:59:8: warning: function `log_sync_cancelled` is never used
src/services/brokers/sync_broker.rs:63:8: warning: function `log_sync_status` is never used
src/services/commands/mod.rs:13:11: warning: trait `Command` is never used
src/services/commands/mod.rs:20:12: warning: struct `CommandResult` is never constructed
src/services/commands/mod.rs:26:12: warning: associated function `new` is never used
src/services/commands/mod.rs:35:12: warning: struct `CommandExecutor` is never constructed
src/services/commands/mod.rs:39:18: warning: associated function `execute` is never used
src/services/commands/auth_commands.rs:13:12: warning: struct `AuthenticateCommand` is never constructed
src/services/commands/auth_commands.rs:26:12: warning: struct `SaveCredentialsCommand` is never constructed
src/services/commands/auth_commands.rs:39:12: warning: struct `LoadCredentialsCommand` is never constructed
src/services/commands/auth_commands.rs:51:12: warning: struct `RemoveCredentialsCommand` is never constructed
src/services/commands/auth_commands.rs:63:12: warning: struct `CreateSourceCommand` is never constructed
src/services/commands/auth_commands.rs:92:12: warning: struct `RemoveSourceCommand` is never constructed
src/services/commands/auth_commands.rs:105:12: warning: struct `TestConnectionCommand` is never constructed
src/services/commands/auth_commands.rs:118:12: warning: struct `ReauthSourceCommand` is never constructed
src/services/commands/auth_commands.rs:132:12: warning: struct `LoadSourcesCommand` is never constructed
src/services/commands/media_commands.rs:12:12: warning: struct `GetLibrariesCommand` is never constructed
src/services/commands/media_commands.rs:24:12: warning: struct `GetLibrariesForSourceCommand` is never constructed
src/services/commands/media_commands.rs:37:12: warning: struct `GetLibraryCommand` is never constructed
src/services/commands/media_commands.rs:50:12: warning: struct `GetMediaItemsCommand` is never constructed
src/services/commands/media_commands.rs:73:12: warning: struct `GetMediaItemCommand` is never constructed
src/services/commands/media_commands.rs:86:12: warning: struct `GetItemDetailsCommand` is never constructed
src/services/commands/media_commands.rs:99:12: warning: struct `SearchMediaCommand` is never constructed
src/services/commands/media_commands.rs:120:12: warning: struct `GetRecentlyAddedCommand` is never constructed
src/services/commands/media_commands.rs:133:12: warning: struct `GetContinueWatchingCommand` is never constructed
src/services/commands/media_commands.rs:146:12: warning: struct `GetPlaybackProgressCommand` is never constructed
src/services/commands/media_commands.rs:165:12: warning: struct `UpdatePlaybackProgressCommand` is never constructed
src/services/commands/media_commands.rs:188:12: warning: struct `SaveLibraryCommand` is never constructed
src/services/commands/media_commands.rs:202:12: warning: struct `SaveMediaItemCommand` is never constructed
src/services/commands/media_commands.rs:223:12: warning: struct `ClearLibraryCommand` is never constructed
src/services/commands/media_commands.rs:236:12: warning: struct `GetEpisodesCommand` is never constructed
src/services/commands/media_commands.rs:264:12: warning: struct `ClearSourceCommand` is never constructed
src/services/commands/media_commands.rs:277:12: warning: struct `GetStreamUrlCommand` is never constructed
src/services/commands/sync_commands.rs:11:12: warning: struct `SyncSourceCommand` is never constructed
src/services/commands/sync_commands.rs:25:12: warning: struct `SyncLibraryCommand` is never constructed
src/services/core/auth.rs:14:12: warning: struct `AuthService` is never constructed
src/services/core/auth.rs:18:18: warning: multiple associated functions are never used
src/services/core/backend.rs:17:12: warning: struct `BackendService` is never constructed
src/services/core/backend.rs:21:18: warning: multiple associated functions are never used
src/services/core/connection.rs:16:12: warning: struct `ConnectionService` is never constructed
src/services/core/connection.rs:20:12: warning: associated functions `cache`, `select_best_connection`, `test_connections`, and `from_plex_connections` are never used
src/services/core/connection_cache.rs:11:9: warning: fields `url`, `connection_type`, `last_tested`, `response_time_ms`, `failure_count`, and `next_check` are never read
src/services/core/connection_cache.rs:21:5: warning: variants `Local`, `Remote`, and `Relay` are never constructed
src/services/core/connection_cache.rs:27:12: warning: associated items `from_connection`, `check_interval`, and `to_string` are never used
src/services/core/connection_cache.rs:55:12: warning: associated items `new`, `is_local`, `age`, `needs_recheck`, `mark_success`, and `mark_failure` are never used
src/services/core/connection_cache.rs:99:5: warning: field `states` is never read
src/services/core/connection_cache.rs:110:18: warning: methods `get`, `insert`, `update_success`, `update_failure`, and `should_skip_test` are never used
src/services/core/media.rs:16:12: warning: struct `MediaService` is never constructed
src/services/core/media.rs:20:18: warning: multiple associated functions are never used
src/services/core/playback.rs:11:12: warning: struct `PlaybackService` is never constructed
src/services/core/playback.rs:15:18: warning: associated function `get_progress` is never used
src/services/core/playlist.rs:8:12: warning: struct `PlaylistService` is never constructed
src/services/core/playlist.rs:12:18: warning: associated function `build_show_context` is never used
src/services/core/sync.rs:21:14: warning: associated functions `estimate_total_items`, `sync_source`, `sync_library`, `sync_show_episodes`, and `update_sync_status` are never used
src/services/core/sync.rs:559:12: warning: struct `SyncResult` is never constructed
src/services/core/sync.rs:588:9: warning: fields `is_syncing`, `items_synced`, `total_items`, and `percentage` are never read
src/services/workers/connection_worker.rs:17:5: warning: variants `TestConnection`, `StartMonitoring`, `StopMonitoring`, and `Reauth` are never constructed
src/services/workers/connection_worker.rs:41:5: warning: variants `ConnectionStatus`, `ConnectionChanged`, and `ReauthResult` are never constructed
src/services/workers/connection_worker.rs:60:12: warning: struct `ConnectionWorker` is never constructed
src/services/workers/connection_worker.rs:66:12: warning: associated items `new`, `test_connection`, `monitor_connection`, and `reauth_source` are never used
src/services/workers/image_worker.rs:11:5: warning: variants `LoadImage`, `GenerateThumbnail`, and `ClearCache` are never constructed
src/services/workers/image_worker.rs:30:5: warning: variants `ImageLoaded`, `ThumbnailGenerated`, `LoadFailed`, and `CacheCleared` are never constructed
src/services/workers/image_worker.rs:44:12: warning: struct `ImageWorker` is never constructed
src/services/workers/image_worker.rs:50:12: warning: associated items `new`, `load_image`, `download_image`, `generate_thumbnail`, and `clear_cache` are never used
src/services/workers/search_worker.rs:13:5: warning: variants `Search`, `BuildIndex`, and `ClearCache` are never constructed
src/services/workers/search_worker.rs:28:5: warning: variants `SearchResults`, `SearchFailed`, `IndexBuilt`, and `CacheCleared` are never constructed
src/services/workers/search_worker.rs:42:12: warning: struct `SearchWorker` is never constructed
src/services/workers/search_worker.rs:48:12: warning: associated items `new`, `perform_search`, `build_index`, and `clear_cache` are never used
src/services/workers/sync_worker.rs:14:5: warning: variants `StartSync`, `CancelSync`, and `GetProgress` are never constructed
src/services/workers/sync_worker.rs:28:5: warning: variants `SyncStarted`, `Progress`, `SyncCompleted`, `SyncFailed`, and `SyncCancelled` are never constructed
src/services/workers/sync_worker.rs:40:12: warning: struct `SyncWorker` is never constructed
src/services/workers/sync_worker.rs:47:12: warning: associated items `new`, `perform_sync`, and `get_progress` are never used
warning: `reel` (lib) generated 358 warnings (5 duplicates) (run `cargo fix --lib -p reel` to apply 3 suggestions)
src/backends/jellyfin/mod.rs:220:18: warning: method `get_credentials` is never used
src/backends/jellyfin/api.rs:946:18: warning: methods `mark_as_watched`, `mark_as_unwatched`, `get_item`, `get_watch_status`, `find_next_episode`, and `search` are never used
src/backends/plex/mod.rs:112:18: warning: methods `check_connectivity`, `refresh_connections_background`, and `clone_for_background` are never used
src/backends/plex/api.rs:549:18: warning: methods `mark_unwatched` and `fetch_episode_markers` are never used
src/backends/traits.rs:22:14: warning: multiple methods are never used
src/backends/traits.rs:185:9: warning: fields `backend_id`, `success`, `duration`, and `errors` are never read
src/config.rs:225:18: warning: multiple methods are never used
src/db/connection.rs:138:18: warning: method `needs_migration` is never used
src/db/entities/playback_progress.rs:48:12: warning: methods `is_in_progress`, `is_near_completion`, `get_position_duration`, and `get_duration` are never used
src/db/migrations/m20250102_000001_add_episode_fields.rs:172:5: warning: variant `Id` is never constructed
src/db/repository/mod.rs:34:14: warning: method `count` is never used
src/db/repository/library_repository.rs:19:14: warning: methods `find_by_type`, `update_item_count`, `get_total_item_count`, and `delete_by_source` are never used
src/db/repository/media_repository.rs:26:14: warning: multiple methods are never used
src/db/repository/media_repository.rs:118:18: warning: methods `insert_silent`, `update_silent`, and `find_episode_by_parent_season_episode` are never used
src/db/repository/media_repository.rs:666:18: warning: method `find_by_library_and_type_paginated` is never used
src/db/repository/playback_repository.rs:27:14: warning: methods `find_watched`, `find_recently_watched`, and `cleanup_old_entries` are never used
src/db/repository/source_repository.rs:16:14: warning: multiple methods are never used
src/db/repository/sync_repository.rs:16:14: warning: methods `find_by_source`, `find_running`, `complete_sync`, `fail_sync`, `get_sync_stats`, and `cleanup_old_records` are never used
src/events/event_bus.rs:136:5: warning: field `subscriber_count` is never read
src/events/types.rs:30:12: warning: methods `with_source`, `with_priority`, and `with_metadata` are never used
src/mapper/media_item_mapper.rs:13:12: warning: associated function `from_millis` is never used
src/models/mod.rs:375:5: warning: variant `ApiKey` is never constructed
src/models/auth_provider.rs:50:12: warning: methods `display_name`, `provider_type`, and `needs_refresh` are never used
src/models/connection.rs:73:12: warning: methods `best_connection`, `local_connections`, `remote_connections`, and `relay_connections` are never used
src/models/playlist_context.rs:125:12: warning: method `get_next_episode_info` is never used
src/platforms/relm4/app.rs:8:5: warning: field `runtime` is never read
src/platforms/relm4/components/dialogs/auth_dialog.rs:18:5: warning: variant `Jellyfin` is never constructed
src/platforms/relm4/components/dialogs/auth_dialog.rs:24:5: warning: variants `Hide`, `SelectBackend`, `ConfirmJellyfinUrl`, `ChangeJellyfinUrl`, and `RetryJellyfinQuickConnect` are never constructed
src/platforms/relm4/components/dialogs/auth_dialog.rs:70:5: warning: multiple fields are never read
src/platforms/relm4/components/dialogs/preferences_dialog.rs:10:5: warning: fields `db`, `hardware_acceleration`, `items_per_page`, `cache_size_mb`, and `auto_clean_cache` are never read
src/platforms/relm4/components/factories/media_card.rs:34:5: warning: variants `SetHover`, `SetSelected`, `UpdateProgress`, and `Play` are never constructed
src/platforms/relm4/components/main_window.rs:57:5: warning: variants `NavigateToSource` and `SetHeaderStartContent` are never constructed
src/platforms/relm4/components/pages/home.rs:21:12: warning: field `0` is never read
src/platforms/relm4/components/pages/home.rs:22:12: warning: field `0` is never read
src/platforms/relm4/components/pages/home.rs:52:5: warning: variant `HomeSectionsLoaded` is never constructed
src/platforms/relm4/components/pages/library.rs:54:5: warning: field `genre_label_text` is never read
src/platforms/relm4/components/pages/movie_details.rs:26:5: warning: variant `LoadMovie` is never constructed
src/platforms/relm4/components/pages/movie_details.rs:34:5: warning: variant `NavigateBack` is never constructed
src/platforms/relm4/components/pages/player.rs:248:5: warning: variant `ClearError` is never constructed
src/platforms/relm4/components/pages/player.rs:275:5: warning: variants `MediaLoaded` and `Error` are never constructed
src/platforms/relm4/components/pages/show_details.rs:48:5: warning: variants `LoadShow` and `ToggleEpisodeWatched` are never constructed
src/platforms/relm4/components/pages/show_details.rs:69:5: warning: variant `NavigateBack` is never constructed
src/platforms/relm4/components/shared/broker.rs:46:10: warning: field `0` is never read
src/platforms/relm4/components/shared/broker.rs:45:5: warning: variants `Navigation` and `Playback` are never constructed
src/platforms/relm4/components/shared/broker.rs:77:9: warning: field `source` is never read
src/platforms/relm4/components/shared/broker.rs:80:9: warning: fields `source` and `error` are never read
src/platforms/relm4/components/shared/broker.rs:90:9: warning: fields `source_id`, `current`, and `total` are never read
src/platforms/relm4/components/shared/broker.rs:73:5: warning: variants `Loading`, `MediaUpdated`, and `LibraryUpdated` are never constructed
src/platforms/relm4/components/shared/broker.rs:107:5: warning: variants `Connected` and `Disconnected` are never constructed
src/platforms/relm4/components/shared/broker.rs:168:18: warning: methods `unsubscribe`, `send_to`, `notify_loading_started`, `notify_media_updated`, `notify_library_updated`, and `subscriber_count` are never used
src/platforms/relm4/components/sidebar.rs:23:5: warning: variant `LibrariesLoaded` is never constructed
src/platforms/relm4/components/sidebar.rs:136:5: warning: variants `LoadLibraries` and `Refresh` are never constructed
src/platforms/relm4/components/workers/image_loader.rs:12:5: warning: variant `Card` is never constructed
src/platforms/relm4/components/workers/image_loader.rs:64:5: warning: variants `ClearCache` and `SetCacheSize` are never constructed
src/platforms/relm4/components/workers/image_loader.rs:80:9: warning: field `size` is never read
src/platforms/relm4/components/workers/image_loader.rs:84:9: warning: field `error` is never read
src/player/controller.rs:85:5: warning: variants `SetUpscalingMode`, `GetPlaybackSpeed`, `IsMuted`, and `Shutdown` are never constructed
src/player/controller.rs:513:18: warning: methods `set_upscaling_mode`, `get_playback_speed`, `is_muted`, and `shutdown` are never used
src/player/mpv_player.rs:27:5: warning: field `get_proc_address` is never read
src/player/mpv_player.rs:45:5: warning: variants `HighQuality`, `FSR`, and `Anime` are never constructed
src/player/mpv_player.rs:64:5: warning: field `gl_functions` is never read
src/services/core/auth.rs:18:18: warning: associated functions `authenticate`, `test_connection`, and `reauth_source` are never used
src/services/core/backend.rs:211:18: warning: associated functions `test_connection` and `get_all_home_sections` are never used
src/services/core/connection.rs:25:18: warning: associated functions `select_best_connection` and `test_connections` are never used
src/services/core/connection_cache.rs:11:9: warning: field `url` is never read
src/services/core/connection_cache.rs:27:12: warning: associated items `from_connection` and `to_string` are never used
src/services/core/connection_cache.rs:55:12: warning: associated items `new`, `is_local`, and `age` are never used
src/services/core/connection_cache.rs:115:18: warning: method `insert` is never used
warning: `reel` (bin "reel") generated 241 warnings (173 duplicates)
